<?xml version="1.0" encoding="UTF-8"?>
<testng-results ignored="0" total="1" passed="1" failed="0" skipped="0">
  <reporter-output>
  </reporter-output>
  <suite started-at="2024-01-06T07:16:22 IST" name="Default suite" finished-at="2024-01-06T07:16:31 IST" duration-ms="8706">
    <groups>
    </groups>
    <test started-at="2024-01-06T07:16:22 IST" name="Default test" finished-at="2024-01-06T07:16:31 IST" duration-ms="8706">
      <class name="com.qa.amz.tests.FirstTest">
        <test-method signature="doClickOnRegisterButton()[pri:0, instance:com.qa.amz.tests.FirstTest@236e3f4e]" started-at="2024-01-06T07:16:22 IST" name="doClickOnRegisterButton" finished-at="2024-01-06T07:16:31 IST" duration-ms="8676" status="PASS">
          <reporter-output>
          </reporter-output>
        </test-method> <!-- doClickOnRegisterButton -->
      </class> <!-- com.qa.amz.tests.FirstTest -->
    </test> <!-- Default test -->
  </suite> <!-- Default suite -->
</testng-results>
